<?xml version="1.0" encoding="UTF-8"?>
<testsuite name="com.dws.challenge.ChallengeApplicationTests" tests="1" skipped="0" failures="0" errors="0" timestamp="2024-04-26T05:38:05" hostname="LAPTOP-7U3D6BOS" time="0.002">
  <properties/>
  <testcase name="contextLoads()" classname="com.dws.challenge.ChallengeApplicationTests" time="0.002"/>
  <system-out><![CDATA[2024-04-26T11:08:05.586+05:30  INFO 16748 --- [challenge] [    Test worker] t.c.s.AnnotationConfigContextLoaderUtils : Could not detect default configuration classes for test class [com.dws.challenge.ChallengeApplicationTests]: ChallengeApplicationTests does not declare any static, non-private, non-final, nested classes annotated with @Configuration.
2024-04-26T11:08:05.588+05:30  INFO 16748 --- [challenge] [    Test worker] .b.t.c.SpringBootTestContextBootstrapper : Found @SpringBootConfiguration com.dws.challenge.ChallengeApplication for test class com.dws.challenge.ChallengeApplicationTests
]]></system-out>
  <system-err><![CDATA[]]></system-err>
</testsuite>
