<?xml version="1.0" encoding="UTF-8"?>
<testsuite name="com.dws.challenge.TransactionControllerTest" tests="2" skipped="0" failures="0" errors="0" timestamp="2024-04-26T05:38:06" hostname="LAPTOP-7U3D6BOS" time="0.128">
  <properties/>
  <testcase name="testTransferAmount()" classname="com.dws.challenge.TransactionControllerTest" time="0.11"/>
  <testcase name="testNegativeAmount()" classname="com.dws.challenge.TransactionControllerTest" time="0.014"/>
  <system-out><![CDATA[2024-04-26T11:08:05.604+05:30  INFO 16748 --- [challenge] [    Test worker] t.c.s.AnnotationConfigContextLoaderUtils : Could not detect default configuration classes for test class [com.dws.challenge.TransactionControllerTest]: TransactionControllerTest does not declare any static, non-private, non-final, nested classes annotated with @Configuration.
2024-04-26T11:08:05.627+05:30  INFO 16748 --- [challenge] [    Test worker] .b.t.c.SpringBootTestContextBootstrapper : Found @SpringBootConfiguration com.dws.challenge.ChallengeApplication for test class com.dws.challenge.TransactionControllerTest

  .   ____          _            __ _ _
 /\\ / ___'_ __ _ _(_)_ __  __ _ \ \ \ \
( ( )\___ | '_ | '_| | '_ \/ _` | \ \ \ \
 \\/  ___)| |_)| | | | | || (_| |  ) ) ) )
  '  |____| .__|_| |_|_| |_\__, | / / / /
 =========|_|==============|___/=/_/_/_/
 :: Spring Boot ::                (v3.2.5)

2024-04-26T11:08:05.665+05:30  INFO 16748 --- [challenge] [    Test worker] c.d.challenge.TransactionControllerTest  : Starting TransactionControllerTest using Java 17.0.2 with PID 16748 (started by patid in C:\Users\patid\Desktop\Pooja\challenge\challenge)
2024-04-26T11:08:05.665+05:30  INFO 16748 --- [challenge] [    Test worker] c.d.challenge.TransactionControllerTest  : No active profile set, falling back to 1 default profile: "default"
2024-04-26T11:08:06.586+05:30  INFO 16748 --- [challenge] [    Test worker] o.s.b.t.m.w.SpringBootMockServletContext : Initializing Spring TestDispatcherServlet ''
2024-04-26T11:08:06.587+05:30  INFO 16748 --- [challenge] [    Test worker] o.s.t.web.servlet.TestDispatcherServlet  : Initializing Servlet ''
2024-04-26T11:08:06.588+05:30  INFO 16748 --- [challenge] [    Test worker] o.s.t.web.servlet.TestDispatcherServlet  : Completed initialization in 1 ms
2024-04-26T11:08:06.606+05:30  INFO 16748 --- [challenge] [    Test worker] c.d.challenge.TransactionControllerTest  : Started TransactionControllerTest in 0.974 seconds (process running for 12.726)
2024-04-26T11:08:06.742+05:30  WARN 16748 --- [challenge] [    Test worker] .w.s.m.s.DefaultHandlerExceptionResolver : Resolved [org.springframework.web.bind.MethodArgumentNotValidException: Validation failed for argument [0] in public org.springframework.http.ResponseEntity com.dws.challenge.web.TransactionController.transferAmount(com.dws.challenge.domain.TransferRequest): [Field error in object 'transferRequest' on field 'amount': rejected value [-100]; codes [Positive.transferRequest.amount,Positive.amount,Positive.java.math.BigDecimal,Positive]; arguments [org.springframework.context.support.DefaultMessageSourceResolvable: codes [transferRequest.amount,amount]; arguments []; default message [amount]]; default message [Amount must be greater than Zero.]] ]
]]></system-out>
  <system-err><![CDATA[]]></system-err>
</testsuite>
