<?xml version="1.0" encoding="UTF-8"?>
<testsuite name="com.dws.challenge.AccountsServiceTest" tests="2" skipped="0" failures="0" errors="0" timestamp="2024-04-26T05:38:05" hostname="LAPTOP-7U3D6BOS" time="0.007">
  <properties/>
  <testcase name="addAccount()" classname="com.dws.challenge.AccountsServiceTest" time="0.003"/>
  <testcase name="addAccount_failsOnDuplicateId()" classname="com.dws.challenge.AccountsServiceTest" time="0.003"/>
  <system-out><![CDATA[2024-04-26T11:08:05.568+05:30  INFO 16748 --- [challenge] [    Test worker] t.c.s.AnnotationConfigContextLoaderUtils : Could not detect default configuration classes for test class [com.dws.challenge.AccountsServiceTest]: AccountsServiceTest does not declare any static, non-private, non-final, nested classes annotated with @Configuration.
2024-04-26T11:08:05.570+05:30  INFO 16748 --- [challenge] [    Test worker] .b.t.c.SpringBootTestContextBootstrapper : Found @SpringBootConfiguration com.dws.challenge.ChallengeApplication for test class com.dws.challenge.AccountsServiceTest
]]></system-out>
  <system-err><![CDATA[]]></system-err>
</testsuite>
